hwsig:561c0b95551a45be87e40b2adb6d30c3
version:3.4.0.9700
Application:/opt/sogoupinyin/files/bin/Service

stack:
!!!---received signal: 11段错误
MachineID = 561c0b95551a45be87e40b2adb6d30c3
SysVersion = ManjaroLinux 21.2.3 
CurUsingProcess = systemd (sd-pam) dbus-daemon gvfsd gvfsd-fuse at-spi-bus
Ime_version = 3.4.0.9700, Stack trace 
0 /opt/sogoupinyin/files/bin/sogoupinyin-service() [0x48f36c] 
1 /opt/sogoupinyin/files/bin/sogoupinyin-service() [0x48fcf4] 
2 /usr/lib/libc.so.6(+0x3cda0) [0x7f0dfe53ada0] 
3 /usr/lib/libstdc++.so.6(_ZNKSs5rfindEcm+0x28) [0x7f0dfe9153b8] 
4 /opt/sogoupinyin/files/bin/../lib/libSogouIme.so(_ZN8n_sgAuth11t_trailAuth18UpdataDataFileTimeEv+0x47) [0x7f0e0099a8cd] 
5 /opt/sogoupinyin/files/bin/../lib/libSogouIme.so(_ZN8n_sgAuth11t_trailAuth27UpdataSystemLogoffTimestampEi+0x25) [0x7f0e0099b841] 
6 /opt/sogoupinyin/files/bin/sogoupinyin-service() [0x48fb58] 
7 /usr/lib/libc.so.6(+0x3cda0) [0x7f0dfe53ada0] 
8 /opt/sogoupinyin/files/bin/../lib/qt5/lib/libQt5Gui.so.5(+0x1ed3a1) [0x7f0dfcd323a1] 
9 /usr/lib/libc.so.6(+0x3f4a7) [0x7f0dfe53d4a7] 
10 /usr/lib/libc.so.6(+0x3f64e) [0x7f0dfe53d64e] 
11 /opt/sogoupinyin/files/bin/sogoupinyin-service() [0x48fb9a] 
12 /usr/lib/libc.so.6(+0x3cda0) [0x7f0dfe53ada0] 
13 /usr/lib/libc.so.6(__poll+0x4f) [0x7f0dfe5f1b2f] 
14 /usr/lib/libdbus-1.so.3(+0x2f95f) [0x7f0df5dc595f] 
15 /usr/lib/libdbus-1.so.3(+0x2e5ed) [0x7f0df5dc45ed] 
16 /usr/lib/libdbus-1.so.3(+0x14e1e) [0x7f0df5daae1e] 
17 /usr/lib/libdbus-1.so.3(+0x1587f) [0x7f0df5dab87f] 
18 /usr/lib/libdbus-1.so.3(dbus_connection_send_with_reply_and_block+0xc0) [0x7f0df5dac0a0] 
19 /opt/sogoupinyin/files/bin/../lib/qt5/lib/libQt5DBus.so.5(+0x275dd) [0x7f0e010665dd] 

